This is pdfTeX, Version 3.14159265-2.6-1.40.16 (TeX Live 2015/Debian) (preloaded format=pdflatex 2016.7.24)  25 AUG 2016 09:17
entering extended mode
 \write18 enabled.
 %&-line parsing enabled.
**Nek_users.tex
(./Nek_users.tex
LaTeX2e <2016/02/01>
Babel <3.9q> and hyphenation patterns for 3 language(s) loaded.
(/usr/share/texlive/texmf-dist/tex/latex/base/report.cls
Document Class: report 2014/09/29 v1.4h Standard LaTeX document class
(/usr/share/texlive/texmf-dist/tex/latex/base/size11.clo
File: size11.clo 2014/09/29 v1.4h Standard LaTeX file (size option)
)
\c@part=\count79
\c@chapter=\count80
\c@section=\count81
\c@subsection=\count82
\c@subsubsection=\count83
\c@paragraph=\count84
\c@subparagraph=\count85
\c@figure=\count86
\c@table=\count87
\abovecaptionskip=\skip41
\belowcaptionskip=\skip42
\bibindent=\dimen102
) (./mcs_pack.sty
Package: mcs_pack 

(/usr/share/texlive/texmf-dist/tex/latex/graphics/graphics.sty
Package: graphics 2016/01/03 v1.0q Standard LaTeX Graphics (DPC,SPQR)

(/usr/share/texlive/texmf-dist/tex/latex/graphics/trig.sty
Package: trig 2016/01/03 v1.10 sin cos tan (DPC)
)
(/usr/share/texlive/texmf-dist/tex/latex/latexconfig/graphics.cfg
File: graphics.cfg 2010/04/23 v1.9 graphics configuration of TeX Live
)
Package graphics Info: Driver file: pdftex.def on input line 95.

(/usr/share/texlive/texmf-dist/tex/latex/pdftex-def/pdftex.def
File: pdftex.def 2011/05/27 v0.06d Graphics/color for pdfTeX

(/usr/share/texlive/texmf-dist/tex/generic/oberdiek/infwarerr.sty
Package: infwarerr 2010/04/08 v1.3 Providing info/warning/error messages (HO)
)
(/usr/share/texlive/texmf-dist/tex/generic/oberdiek/ltxcmds.sty
Package: ltxcmds 2011/11/09 v1.22 LaTeX kernel commands for general use (HO)
)
\Gread@gobject=\count88
))
(/usr/share/texlive/texmf-dist/tex/latex/base/textcomp.sty
Package: textcomp 2005/09/27 v1.99g Standard LaTeX package
Package textcomp Info: Sub-encoding information:
(textcomp)               5 = only ISO-Adobe without \textcurrency
(textcomp)               4 = 5 + \texteuro
(textcomp)               3 = 4 + \textohm
(textcomp)               2 = 3 + \textestimated + \textcurrency
(textcomp)               1 = TS1 - \textcircled - \t
(textcomp)               0 = TS1 (full)
(textcomp)             Font families with sub-encoding setting implement
(textcomp)             only a restricted character set as indicated.
(textcomp)             Family '?' is the default used for unknown fonts.
(textcomp)             See the documentation for details.
Package textcomp Info: Setting ? sub-encoding to TS1/1 on input line 79.

(/usr/share/texlive/texmf-dist/tex/latex/base/ts1enc.def
File: ts1enc.def 2001/06/05 v3.0e (jk/car/fm) Standard LaTeX file
)
LaTeX Info: Redefining \oldstylenums on input line 334.
Package textcomp Info: Setting cmr sub-encoding to TS1/0 on input line 349.
Package textcomp Info: Setting cmss sub-encoding to TS1/0 on input line 350.
Package textcomp Info: Setting cmtt sub-encoding to TS1/0 on input line 351.
Package textcomp Info: Setting cmvtt sub-encoding to TS1/0 on input line 352.
Package textcomp Info: Setting cmbr sub-encoding to TS1/0 on input line 353.
Package textcomp Info: Setting cmtl sub-encoding to TS1/0 on input line 354.
Package textcomp Info: Setting ccr sub-encoding to TS1/0 on input line 355.
Package textcomp Info: Setting ptm sub-encoding to TS1/4 on input line 356.
Package textcomp Info: Setting pcr sub-encoding to TS1/4 on input line 357.
Package textcomp Info: Setting phv sub-encoding to TS1/4 on input line 358.
Package textcomp Info: Setting ppl sub-encoding to TS1/3 on input line 359.
Package textcomp Info: Setting pag sub-encoding to TS1/4 on input line 360.
Package textcomp Info: Setting pbk sub-encoding to TS1/4 on input line 361.
Package textcomp Info: Setting pnc sub-encoding to TS1/4 on input line 362.
Package textcomp Info: Setting pzc sub-encoding to TS1/4 on input line 363.
Package textcomp Info: Setting bch sub-encoding to TS1/4 on input line 364.
Package textcomp Info: Setting put sub-encoding to TS1/5 on input line 365.
Package textcomp Info: Setting uag sub-encoding to TS1/5 on input line 366.
Package textcomp Info: Setting ugq sub-encoding to TS1/5 on input line 367.
Package textcomp Info: Setting ul8 sub-encoding to TS1/4 on input line 368.
Package textcomp Info: Setting ul9 sub-encoding to TS1/4 on input line 369.
Package textcomp Info: Setting augie sub-encoding to TS1/5 on input line 370.
Package textcomp Info: Setting dayrom sub-encoding to TS1/3 on input line 371.
Package textcomp Info: Setting dayroms sub-encoding to TS1/3 on input line 372.

Package textcomp Info: Setting pxr sub-encoding to TS1/0 on input line 373.
Package textcomp Info: Setting pxss sub-encoding to TS1/0 on input line 374.
Package textcomp Info: Setting pxtt sub-encoding to TS1/0 on input line 375.
Package textcomp Info: Setting txr sub-encoding to TS1/0 on input line 376.
Package textcomp Info: Setting txss sub-encoding to TS1/0 on input line 377.
Package textcomp Info: Setting txtt sub-encoding to TS1/0 on input line 378.
Package textcomp Info: Setting lmr sub-encoding to TS1/0 on input line 379.
Package textcomp Info: Setting lmdh sub-encoding to TS1/0 on input line 380.
Package textcomp Info: Setting lmss sub-encoding to TS1/0 on input line 381.
Package textcomp Info: Setting lmssq sub-encoding to TS1/0 on input line 382.
Package textcomp Info: Setting lmvtt sub-encoding to TS1/0 on input line 383.
Package textcomp Info: Setting lmtt sub-encoding to TS1/0 on input line 384.
Package textcomp Info: Setting qhv sub-encoding to TS1/0 on input line 385.
Package textcomp Info: Setting qag sub-encoding to TS1/0 on input line 386.
Package textcomp Info: Setting qbk sub-encoding to TS1/0 on input line 387.
Package textcomp Info: Setting qcr sub-encoding to TS1/0 on input line 388.
Package textcomp Info: Setting qcs sub-encoding to TS1/0 on input line 389.
Package textcomp Info: Setting qpl sub-encoding to TS1/0 on input line 390.
Package textcomp Info: Setting qtm sub-encoding to TS1/0 on input line 391.
Package textcomp Info: Setting qzc sub-encoding to TS1/0 on input line 392.
Package textcomp Info: Setting qhvc sub-encoding to TS1/0 on input line 393.
Package textcomp Info: Setting futs sub-encoding to TS1/4 on input line 394.
Package textcomp Info: Setting futx sub-encoding to TS1/4 on input line 395.
Package textcomp Info: Setting futj sub-encoding to TS1/4 on input line 396.
Package textcomp Info: Setting hlh sub-encoding to TS1/3 on input line 397.
Package textcomp Info: Setting hls sub-encoding to TS1/3 on input line 398.
Package textcomp Info: Setting hlst sub-encoding to TS1/3 on input line 399.
Package textcomp Info: Setting hlct sub-encoding to TS1/5 on input line 400.
Package textcomp Info: Setting hlx sub-encoding to TS1/5 on input line 401.
Package textcomp Info: Setting hlce sub-encoding to TS1/5 on input line 402.
Package textcomp Info: Setting hlcn sub-encoding to TS1/5 on input line 403.
Package textcomp Info: Setting hlcw sub-encoding to TS1/5 on input line 404.
Package textcomp Info: Setting hlcf sub-encoding to TS1/5 on input line 405.
Package textcomp Info: Setting pplx sub-encoding to TS1/3 on input line 406.
Package textcomp Info: Setting pplj sub-encoding to TS1/3 on input line 407.
Package textcomp Info: Setting ptmx sub-encoding to TS1/4 on input line 408.
Package textcomp Info: Setting ptmj sub-encoding to TS1/4 on input line 409.
))
(/usr/share/texlive/texmf-dist/tex/latex/chngcntr/chngcntr.sty
Package: chngcntr 2009/09/02 v1.0a change counter resetting
) (./pf.tex)
(./psfig.tex
\@unused=\write3

psfig/tex 1.9
\ps@stream=\read1
\p@intvaluex=\dimen103
\p@intvaluey=\dimen104
) (./commands.tex (/usr/share/texlive/texmf-dist/tex/latex/base/fontenc.sty
Package: fontenc 2005/09/27 v1.99g Standard LaTeX package

(/usr/share/texlive/texmf-dist/tex/latex/base/t1enc.def
File: t1enc.def 2005/09/27 v1.99g Standard LaTeX file
LaTeX Font Info:    Redeclaring font encoding T1 on input line 48.
))
(/usr/share/texlive/texmf-dist/tex/latex/base/makeidx.sty
Package: makeidx 2014/09/29 v1.0m Standard LaTeX package
)
(/usr/share/texlive/texmf-dist/tex/latex/subfig/subfig.sty
Package: subfig 2005/06/28 ver: 1.3 subfig package

(/usr/share/texlive/texmf-dist/tex/latex/graphics/keyval.sty
Package: keyval 2014/10/28 v1.15 key=value parser (DPC)
\KV@toks@=\toks14
)
(/usr/share/texlive/texmf-dist/tex/latex/caption/caption.sty
Package: caption 2016/02/21 v3.3-144 Customizing captions (AR)

(/usr/share/texlive/texmf-dist/tex/latex/caption/caption3.sty
Package: caption3 2016/02/04 v1.7-139 caption3 kernel (AR)
Package caption3 Info: TeX engine: e-TeX on input line 67.
\captionmargin=\dimen105
\captionmargin@=\dimen106
\captionwidth=\dimen107
\caption@tempdima=\dimen108
\caption@indent=\dimen109
\caption@parindent=\dimen110
\caption@hangindent=\dimen111
)
\c@ContinuedFloat=\count89
)
\c@KVtest=\count90
\sf@farskip=\skip43
\sf@captopadj=\dimen112
\sf@capskip=\skip44
\sf@nearskip=\skip45
\c@subfigure=\count91
\c@subfigure@save=\count92
\c@lofdepth=\count93
\c@subtable=\count94
\c@subtable@save=\count95
\c@lotdepth=\count96
\sf@top=\skip46
\sf@bottom=\skip47
)
(/usr/share/texlive/texmf-dist/tex/generic/babel/babel.sty
Package: babel 2016/02/24 3.9q The Babel package

(/usr/share/texlive/texmf-dist/tex/generic/babel-english/english.ldf
Language: english 2012/08/20 v3.3p English support from the babel system

(/usr/share/texlive/texmf-dist/tex/generic/babel/babel.def
File: babel.def 2016/02/24 3.9q Babel common definitions
\babel@savecnt=\count97
\U@D=\dimen113
)
\l@british = a dialect from \language\l@english 
\l@UKenglish = a dialect from \language\l@english 
\l@canadian = a dialect from \language\l@american 
\l@australian = a dialect from \language\l@british 
\l@newzealand = a dialect from \language\l@british 
))
(/usr/share/texlive/texmf-dist/tex/latex/preprint/fullpage.sty
Package: fullpage 1999/02/23 1.1 (PWD)
\FP@margin=\skip48
)
(/usr/share/texlive/texmf-dist/tex/latex/amsmath/amsmath.sty
Package: amsmath 2016/03/03 v2.15a AMS math features
\@mathmargin=\skip49

For additional information on amsmath, use the `?' option.
(/usr/share/texlive/texmf-dist/tex/latex/amsmath/amstext.sty
Package: amstext 2000/06/29 v2.01 AMS text

(/usr/share/texlive/texmf-dist/tex/latex/amsmath/amsgen.sty
File: amsgen.sty 1999/11/30 v2.0 generic functions
\@emptytoks=\toks15
\ex@=\dimen114
))
(/usr/share/texlive/texmf-dist/tex/latex/amsmath/amsbsy.sty
Package: amsbsy 1999/11/29 v1.2d Bold Symbols
\pmbraise@=\dimen115
)
(/usr/share/texlive/texmf-dist/tex/latex/amsmath/amsopn.sty
Package: amsopn 1999/12/14 v2.01 operator names
)
\inf@bad=\count98
LaTeX Info: Redefining \frac on input line 199.
\uproot@=\count99
\leftroot@=\count100
LaTeX Info: Redefining \overline on input line 297.
\classnum@=\count101
\DOTSCASE@=\count102
LaTeX Info: Redefining \ldots on input line 394.
LaTeX Info: Redefining \dots on input line 397.
LaTeX Info: Redefining \cdots on input line 518.
\Mathstrutbox@=\box26
\strutbox@=\box27
\big@size=\dimen116
LaTeX Font Info:    Redeclaring font encoding OML on input line 630.
LaTeX Font Info:    Redeclaring font encoding OMS on input line 631.
\macc@depth=\count103
\c@MaxMatrixCols=\count104
\dotsspace@=\muskip10
\c@parentequation=\count105
\dspbrk@lvl=\count106
\tag@help=\toks16
\row@=\count107
\column@=\count108
\maxfields@=\count109
\andhelp@=\toks17
\eqnshift@=\dimen117
\alignsep@=\dimen118
\tagshift@=\dimen119
\tagwidth@=\dimen120
\totwidth@=\dimen121
\lineht@=\dimen122
\@envbody=\toks18
\multlinegap=\skip50
\multlinetaggap=\skip51
\mathdisplay@stack=\toks19
LaTeX Info: Redefining \[ on input line 2735.
LaTeX Info: Redefining \] on input line 2736.
)
(/usr/share/texlive/texmf-dist/tex/latex/amsfonts/amssymb.sty
Package: amssymb 2013/01/14 v3.01 AMS font symbols

(/usr/share/texlive/texmf-dist/tex/latex/amsfonts/amsfonts.sty
Package: amsfonts 2013/01/14 v3.01 Basic AMSFonts support
\symAMSa=\mathgroup4
\symAMSb=\mathgroup5
LaTeX Font Info:    Overwriting math alphabet `\mathfrak' in version `bold'
(Font)                  U/euf/m/n --> U/euf/b/n on input line 106.
))
(/usr/share/texlive/texmf-dist/tex/latex/psfrag/psfrag.sty
Package: psfrag 1998/04/11 v3.04 PSfrag (MCG)
\pfg@pcount=\count110
\pfg@scount=\count111
\pfg@temp=\write4
)
(/usr/share/texlive/texmf-dist/tex/latex/amscls/amsthm.sty
Package: amsthm 2015/03/04 v2.20.2
\thm@style=\toks20
\thm@bodyfont=\toks21
\thm@headfont=\toks22
\thm@notefont=\toks23
\thm@headpunct=\toks24
\thm@preskip=\skip52
\thm@postskip=\skip53
\thm@headsep=\skip54
\dth@everypar=\toks25
)
(/usr/share/texlive/texmf-dist/tex/latex/graphics/graphicx.sty
Package: graphicx 2014/10/28 v1.0g Enhanced LaTeX Graphics (DPC,SPQR)
\Gin@req@height=\dimen123
\Gin@req@width=\dimen124
)
(/usr/share/texlive/texmf-dist/tex/latex/listings/listings.sty
\lst@mode=\count112
\lst@gtempboxa=\box28
\lst@token=\toks26
\lst@length=\count113
\lst@currlwidth=\dimen125
\lst@column=\count114
\lst@pos=\count115
\lst@lostspace=\dimen126
\lst@width=\dimen127
\lst@newlines=\count116
\lst@lineno=\count117
\lst@maxwidth=\dimen128

(/usr/share/texlive/texmf-dist/tex/latex/listings/lstmisc.sty
File: lstmisc.sty 2015/06/04 1.6 (Carsten Heinz)
\c@lstnumber=\count118
\lst@skipnumbers=\count119
\lst@framebox=\box29
)
(/usr/share/texlive/texmf-dist/tex/latex/listings/listings.cfg
File: listings.cfg 2015/06/04 1.6 listings configuration
))
Package: listings 2015/06/04 1.6 (Carsten Heinz)

(/usr/share/texlive/texmf-dist/tex/latex/paralist/paralist.sty
Package: paralist 2015/12/30 v2.5 Extended list environments
\pltopsep=\skip55
\plpartopsep=\skip56
\plitemsep=\skip57
\plparsep=\skip58
\pl@lab=\toks27
)
(/usr/share/texlive/texmf-dist/tex/latex/appendix/appendix.sty
Package: appendix 2009/09/02 v1.2b extra appendix facilities
\c@@pps=\count120
\c@@ppsavesec=\count121
\c@@ppsaveapp=\count122
)
(/usr/share/texlive/texmf-dist/tex/latex/natbib/natbib.sty
Package: natbib 2010/09/13 8.31b (PWD, AO)
\bibhang=\skip59
\bibsep=\skip60
LaTeX Info: Redefining \cite on input line 694.
\c@NAT@ctr=\count123
)
(/usr/share/texlive/texmf-dist/tex/latex/xcolor/xcolor.sty
Package: xcolor 2007/01/21 v2.11 LaTeX color extensions (UK)

(/usr/share/texlive/texmf-dist/tex/latex/latexconfig/color.cfg
File: color.cfg 2007/01/18 v1.5 color configuration of teTeX/TeXLive
)
Package xcolor Info: Driver file: pdftex.def on input line 225.
Package xcolor Info: Model `cmy' substituted by `cmy0' on input line 1337.
Package xcolor Info: Model `hsb' substituted by `rgb' on input line 1341.
Package xcolor Info: Model `RGB' extended on input line 1353.
Package xcolor Info: Model `HTML' substituted by `rgb' on input line 1355.
Package xcolor Info: Model `Hsb' substituted by `hsb' on input line 1356.
Package xcolor Info: Model `tHsb' substituted by `hsb' on input line 1357.
Package xcolor Info: Model `HSB' substituted by `hsb' on input line 1358.
Package xcolor Info: Model `Gray' substituted by `gray' on input line 1359.
Package xcolor Info: Model `wave' substituted by `hsb' on input line 1360.
)
(/usr/share/texlive/texmf-dist/tex/latex/comment/comment.sty
\CommentStream=\write5

Excluding comment 'comment')
(/usr/share/texlive/texmf-dist/tex/latex/tools/enumerate.sty
Package: enumerate 2015/07/23 v3.00 enumerate extensions (DPC)
\@enLab=\toks28
)
(/usr/share/texlive/texmf-dist/tex/latex/hyperref/hyperref.sty
Package: hyperref 2012/11/06 v6.83m Hypertext links for LaTeX

(/usr/share/texlive/texmf-dist/tex/generic/oberdiek/hobsub-hyperref.sty
Package: hobsub-hyperref 2012/05/28 v1.13 Bundle oberdiek, subset hyperref (HO)


(/usr/share/texlive/texmf-dist/tex/generic/oberdiek/hobsub-generic.sty
Package: hobsub-generic 2012/05/28 v1.13 Bundle oberdiek, subset generic (HO)
Package: hobsub 2012/05/28 v1.13 Construct package bundles (HO)
Package hobsub Info: Skipping package `infwarerr' (already loaded).
Package hobsub Info: Skipping package `ltxcmds' (already loaded).
Package: ifluatex 2010/03/01 v1.3 Provides the ifluatex switch (HO)
Package ifluatex Info: LuaTeX not detected.
Package: ifvtex 2010/03/01 v1.5 Detect VTeX and its facilities (HO)
Package ifvtex Info: VTeX not detected.
Package: intcalc 2007/09/27 v1.1 Expandable calculations with integers (HO)
Package: ifpdf 2011/01/30 v2.3 Provides the ifpdf switch (HO)
Package ifpdf Info: pdfTeX in PDF mode is detected.
Package: etexcmds 2011/02/16 v1.5 Avoid name clashes with e-TeX commands (HO)
Package etexcmds Info: Could not find \expanded.
(etexcmds)             That can mean that you are not using pdfTeX 1.50 or
(etexcmds)             that some package has redefined \expanded.
(etexcmds)             In the latter case, load this package earlier.
Package: kvsetkeys 2012/04/25 v1.16 Key value parser (HO)
Package: kvdefinekeys 2011/04/07 v1.3 Define keys (HO)
Package: pdftexcmds 2011/11/29 v0.20 Utility functions of pdfTeX for LuaTeX (HO
)
Package pdftexcmds Info: LuaTeX not detected.
Package pdftexcmds Info: \pdf@primitive is available.
Package pdftexcmds Info: \pdf@ifprimitive is available.
Package pdftexcmds Info: \pdfdraftmode found.
Package: pdfescape 2011/11/25 v1.13 Implements pdfTeX's escape features (HO)
Package: bigintcalc 2012/04/08 v1.3 Expandable calculations on big integers (HO
)
Package: bitset 2011/01/30 v1.1 Handle bit-vector datatype (HO)
Package: uniquecounter 2011/01/30 v1.2 Provide unlimited unique counter (HO)
)
Package hobsub Info: Skipping package `hobsub' (already loaded).
Package: letltxmacro 2010/09/02 v1.4 Let assignment for LaTeX macros (HO)
Package: hopatch 2012/05/28 v1.2 Wrapper for package hooks (HO)
Package: xcolor-patch 2011/01/30 xcolor patch
Package: atveryend 2011/06/30 v1.8 Hooks at the very end of document (HO)
Package atveryend Info: \enddocument detected (standard20110627).
Package: atbegshi 2011/10/05 v1.16 At begin shipout hook (HO)
Package: refcount 2011/10/16 v3.4 Data extraction from label references (HO)
Package: hycolor 2011/01/30 v1.7 Color options for hyperref/bookmark (HO)
)
(/usr/share/texlive/texmf-dist/tex/generic/ifxetex/ifxetex.sty
Package: ifxetex 2010/09/12 v0.6 Provides ifxetex conditional
)
(/usr/share/texlive/texmf-dist/tex/latex/oberdiek/auxhook.sty
Package: auxhook 2011/03/04 v1.3 Hooks for auxiliary files (HO)
)
(/usr/share/texlive/texmf-dist/tex/latex/oberdiek/kvoptions.sty
Package: kvoptions 2011/06/30 v3.11 Key value format for package options (HO)
)
\@linkdim=\dimen129
\Hy@linkcounter=\count124
\Hy@pagecounter=\count125

(/usr/share/texlive/texmf-dist/tex/latex/hyperref/pd1enc.def
File: pd1enc.def 2012/11/06 v6.83m Hyperref: PDFDocEncoding definition (HO)
)
\Hy@SavedSpaceFactor=\count126

(/usr/share/texlive/texmf-dist/tex/latex/latexconfig/hyperref.cfg
File: hyperref.cfg 2002/06/06 v1.2 hyperref configuration of TeXLive
)
Package hyperref Info: Hyper figures OFF on input line 4443.
Package hyperref Info: Link nesting OFF on input line 4448.
Package hyperref Info: Hyper index ON on input line 4451.
Package hyperref Info: Plain pages OFF on input line 4458.
Package hyperref Info: Backreferencing OFF on input line 4463.
Package hyperref Info: Implicit mode ON; LaTeX internals redefined.
Package hyperref Info: Bookmarks ON on input line 4688.
\c@Hy@tempcnt=\count127

(/usr/share/texlive/texmf-dist/tex/latex/url/url.sty
\Urlmuskip=\muskip11
Package: url 2013/09/16  ver 3.4  Verb mode for urls, etc.
)
LaTeX Info: Redefining \url on input line 5041.
\XeTeXLinkMargin=\dimen130
\Fld@menulength=\count128
\Field@Width=\dimen131
\Fld@charsize=\dimen132
Package hyperref Info: Hyper figures OFF on input line 6295.
Package hyperref Info: Link nesting OFF on input line 6300.
Package hyperref Info: Hyper index ON on input line 6303.
Package hyperref Info: backreferencing OFF on input line 6310.
Package hyperref Info: Link coloring OFF on input line 6315.
Package hyperref Info: Link coloring with OCG OFF on input line 6320.
Package hyperref Info: PDF/A mode OFF on input line 6325.
LaTeX Info: Redefining \ref on input line 6365.
LaTeX Info: Redefining \pageref on input line 6369.
\Hy@abspage=\count129
\c@Item=\count130
\c@Hfootnote=\count131
)

Package hyperref Message: Driver (autodetected): hpdftex.

(/usr/share/texlive/texmf-dist/tex/latex/hyperref/hpdftex.def
File: hpdftex.def 2012/11/06 v6.83m Hyperref driver for pdfTeX
\Fld@listcount=\count132
\c@bookmark@seq@number=\count133

(/usr/share/texlive/texmf-dist/tex/latex/oberdiek/rerunfilecheck.sty
Package: rerunfilecheck 2011/04/15 v1.7 Rerun checks for auxiliary files (HO)
Package uniquecounter Info: New unique counter `rerunfilecheck' on input line 2
82.
)
\Hy@SectionHShift=\skip61
)
(/usr/share/texlive/texmf-dist/tex/latex/cancel/cancel.sty
Package: cancel 2013/04/12 v2.2 Cancel math terms
))
(/usr/share/texlive/texmf-dist/tex/latex/fancyvrb/fancyvrb.sty
Package: fancyvrb 2008/02/07

Style option: `fancyvrb' v2.7a, with DG/SPQR fixes, and firstline=lastline fix 
<2008/02/07> (tvz)
\FV@CodeLineNo=\count134
\FV@InFile=\read2
\FV@TabBox=\box30
\c@FancyVerbLine=\count135
\FV@StepNumber=\count136
\FV@OutFile=\write6
) (/usr/share/texlive/texmf-dist/tex/latex/tools/tabularx.sty
Package: tabularx 2014/10/28 v2.10 `tabularx' package (DPC)
(/usr/share/texlive/texmf-dist/tex/latex/tools/array.sty
Package: array 2014/10/28 v2.4c Tabular extension package (FMi)
\col@sep=\dimen133
\extrarowheight=\dimen134
\NC@list=\toks29
\extratabsurround=\skip62
\backup@length=\skip63
)
\TX@col@width=\dimen135
\TX@old@table=\dimen136
\TX@old@col=\dimen137
\TX@target=\dimen138
\TX@delta=\dimen139
\TX@cols=\count137
\TX@ftn=\toks30
)
(/usr/share/texlive/texmf-dist/tex/latex/ms/ragged2e.sty
Package: ragged2e 2009/05/21 v2.1 ragged2e Package (MS)

(/usr/share/texlive/texmf-dist/tex/latex/ms/everysel.sty
Package: everysel 2011/10/28 v1.2 EverySelectfont Package (MS)
)
\CenteringLeftskip=\skip64
\RaggedLeftLeftskip=\skip65
\RaggedRightLeftskip=\skip66
\CenteringRightskip=\skip67
\RaggedLeftRightskip=\skip68
\RaggedRightRightskip=\skip69
\CenteringParfillskip=\skip70
\RaggedLeftParfillskip=\skip71
\RaggedRightParfillskip=\skip72
\JustifyingParfillskip=\skip73
\CenteringParindent=\skip74
\RaggedLeftParindent=\skip75
\RaggedRightParindent=\skip76
\JustifyingParindent=\skip77
)
(/usr/share/texlive/texmf-dist/tex/latex/booktabs/booktabs.sty
Package: booktabs 2005/04/14 v1.61803 publication quality tables
\heavyrulewidth=\dimen140
\lightrulewidth=\dimen141
\cmidrulewidth=\dimen142
\belowrulesep=\dimen143
\belowbottomsep=\dimen144
\aboverulesep=\dimen145
\abovetopsep=\dimen146
\cmidrulesep=\dimen147
\cmidrulekern=\dimen148
\defaultaddspace=\dimen149
\@cmidla=\count138
\@cmidlb=\count139
\@aboverulesep=\dimen150
\@belowrulesep=\dimen151
\@thisruleclass=\count140
\@lastruleclass=\count141
\@thisrulewidth=\dimen152
)
(./Nek_users.aux)
\openout1 = `Nek_users.aux'.

LaTeX Font Info:    Checking defaults for OML/cmm/m/it on input line 32.
LaTeX Font Info:    ... okay on input line 32.
LaTeX Font Info:    Checking defaults for T1/cmr/m/n on input line 32.
LaTeX Font Info:    ... okay on input line 32.
LaTeX Font Info:    Checking defaults for OT1/cmr/m/n on input line 32.
LaTeX Font Info:    ... okay on input line 32.
LaTeX Font Info:    Checking defaults for OMS/cmsy/m/n on input line 32.
LaTeX Font Info:    ... okay on input line 32.
LaTeX Font Info:    Checking defaults for OMX/cmex/m/n on input line 32.
LaTeX Font Info:    ... okay on input line 32.
LaTeX Font Info:    Checking defaults for U/cmr/m/n on input line 32.
LaTeX Font Info:    ... okay on input line 32.
LaTeX Font Info:    Checking defaults for TS1/cmr/m/n on input line 32.
LaTeX Font Info:    Try loading font information for TS1+cmr on input line 32.
 (/usr/share/texlive/texmf-dist/tex/latex/base/ts1cmr.fd
File: ts1cmr.fd 2014/09/29 v2.5h Standard LaTeX font definitions
)
LaTeX Font Info:    ... okay on input line 32.
LaTeX Font Info:    Checking defaults for PD1/pdf/m/n on input line 32.
LaTeX Font Info:    ... okay on input line 32.

(/usr/share/texlive/texmf-dist/tex/context/base/supp-pdf.mkii
[Loading MPS to PDF converter (version 2006.09.02).]
\scratchcounter=\count142
\scratchdimen=\dimen153
\scratchbox=\box31
\nofMPsegments=\count143
\nofMParguments=\count144
\everyMPshowfont=\toks31
\MPscratchCnt=\count145
\MPscratchDim=\dimen154
\MPnumerator=\count146
\makeMPintoPDFobject=\count147
\everyMPtoPDFconversion=\toks32
) (/usr/share/texlive/texmf-dist/tex/latex/oberdiek/epstopdf-base.sty
Package: epstopdf-base 2010/02/09 v2.5 Base part for package epstopdf

(/usr/share/texlive/texmf-dist/tex/latex/oberdiek/grfext.sty
Package: grfext 2010/08/19 v1.1 Manage graphics extensions (HO)
)
Package grfext Info: Graphics extension search list:
(grfext)             [.png,.pdf,.jpg,.mps,.jpeg,.jbig2,.jb2,.PNG,.PDF,.JPG,.JPE
G,.JBIG2,.JB2,.eps]
(grfext)             \AppendGraphicsExtensions on input line 452.

(/usr/share/texlive/texmf-dist/tex/latex/latexconfig/epstopdf-sys.cfg
File: epstopdf-sys.cfg 2010/07/13 v1.3 Configuration of (r)epstopdf for TeX Liv
e
))
Package caption Info: Begin \AtBeginDocument code.
Package caption Info: subfig package v1.3 is loaded.
Package caption Info: hyperref package is loaded.
Package caption Info: listings package is loaded.
Package caption Info: End \AtBeginDocument code.
\c@lstlisting=\count148
\AtBeginShipoutBox=\box32
Package hyperref Info: Link coloring OFF on input line 32.

(/usr/share/texlive/texmf-dist/tex/latex/hyperref/nameref.sty
Package: nameref 2012/10/27 v2.43 Cross-referencing by name of section

(/usr/share/texlive/texmf-dist/tex/generic/oberdiek/gettitlestring.sty
Package: gettitlestring 2010/12/03 v1.4 Cleanup title references (HO)
)
\c@section@level=\count149
)
LaTeX Info: Redefining \ref on input line 32.
LaTeX Info: Redefining \pageref on input line 32.
LaTeX Info: Redefining \nameref on input line 32.

(./Nek_users.out) (./Nek_users.out)
\@outlinefile=\write7
\openout7 = `Nek_users.out'.

 ABD: EverySelectfont initializing macros
LaTeX Info: Redefining \selectfont on input line 32.

<logo_page.pdf, id=285, 614.295pt x 794.97pt>
File: logo_page.pdf Graphic file (type pdf)
 <use logo_page.pdf>
Package pdftex.def Info: logo_page.pdf used on input line 37.
(pdftex.def)             Requested size: 614.29349pt x 794.96806pt.
 [1
Non-PDF special ignored!

{/var/lib/texmf/fonts/map/pdftex/updmap/pdftex.map} <./logo_page.pdf>] [2] [1] 
(./Nek_users.toc
LaTeX Font Info:    Try loading font information for U+msa on input line 2.

(/usr/share/texlive/texmf-dist/tex/latex/amsfonts/umsa.fd
File: umsa.fd 2013/01/14 v3.01 AMS symbols A
)
LaTeX Font Info:    Try loading font information for U+msb on input line 2.

(/usr/share/texlive/texmf-dist/tex/latex/amsfonts/umsb.fd
File: umsb.fd 2013/01/14 v3.01 AMS symbols B
)pdfTeX warning (ext4): destination with the same identifier (name{page.i}) has
 been already used, duplicate ignored
<to be read again> 
                   \relax 
l.35 ...r}{\numberline {4}Geometry}{35}{chapter.4}
                                                   [1


])
\tf@toc=\write8
\openout8 = `Nek_users.toc'.

pdfTeX warning (ext4): destination with the same identifier (name{page.ii}) has
 been already used, duplicate ignored
<to be read again> 
                   \relax 
l.41 \clearpage
                [2] [3

]
Chapter 1.
LaTeX Font Info:    Try loading font information for T1+cmtt on input line 64.
(/usr/share/texlive/texmf-dist/tex/latex/base/t1cmtt.fd
File: t1cmtt.fd 2014/09/29 v2.5h Standard LaTeX font definitions
) (./philosophy.texpdfTeX warning (ext4): destination with the same identifier 
(name{page.1}) has been already used, duplicate ignored
<to be read again> 
                   \relax 
l.10 \item t
            he parallelism is "under the hood" demanding from the user only ...
[1

]) (./ns_eqns.tex
Package epstopdf Info: Source file: <Figs/walls.eps>
(epstopdf)                    date: 2016-08-25 09:14:23
(epstopdf)                    size: 80397 bytes
(epstopdf)             Output file: <Figs/walls-eps-converted-to.pdf>
(epstopdf)                    date: 2016-08-25 09:14:23
(epstopdf)                    size: 9512 bytes
(epstopdf)             Command: <epstopdf --outfile=Figs/walls-eps-converted-to
.pdf Figs/walls.eps>
(epstopdf)             \includegraphics on input line 19.
Package epstopdf Info: Output file is already uptodate.

<Figs/walls-eps-converted-to.pdf, id=418, 364.36125pt x 207.77625pt>
File: Figs/walls-eps-converted-to.pdf Graphic file (type pdf)

<use Figs/walls-eps-converted-to.pdf>
Package pdftex.def Info: Figs/walls-eps-converted-to.pdf used on input line 19.

(pdftex.def)             Requested size: 375.80544pt x 214.30992pt.
 [2 <./Figs/walls-eps-converted-to.pdf>]
[3] [4] [5]) (./additional.tex [6]) [7]
Chapter 2.
(./down_build.tex [8

]
Overfull \hbox (15.27194pt too wide) in paragraph at lines 90--93
[]\T1/cmr/m/n/10.95 Besides the com-piled tools, there are sev-eral con-ve-nien
ce scripts in \T1/cmtt/m/n/10.95 nek5_svn/trunk/tools/scripts
 []

[9]) (./example.tex [10] [11] Excluding 'comment' comment.
Excluding 'comment' comment. [12]) [13]
Chapter 3.
(./user_intro.tex
Underfull \hbox (badness 10000) in paragraph at lines 41--45

 []

[14

] [15] [16]) (./size_intro.tex [17]) (./rea_intro.tex [18] [19]
<Figs/3dcube_1.png, id=697, 587.94656pt x 286.82156pt>
File: Figs/3dcube_1.png Graphic file (type png)
 <use Figs/3dcube_1.png>
Package pdftex.def Info: Figs/3dcube_1.png used on input line 100.
(pdftex.def)             Requested size: 293.97256pt x 143.41042pt.

<Figs/3dcube.png, id=698, 237.88875pt x 231.86626pt>
File: Figs/3dcube.png Graphic file (type png)
 <use Figs/3dcube.png>
Package pdftex.def Info: Figs/3dcube.png used on input line 108.
(pdftex.def)             Requested size: 118.94408pt x 115.93283pt.

[20 <./Figs/3dcube_1.png>] [21 <./Figs/3dcube.png (PNG copy)>]
<Figs/base1.png, id=718, 724.20563pt x 380.92313pt>
File: Figs/base1.png Graphic file (type png)
 <use Figs/base1.png>
Package pdftex.def Info: Figs/base1.png used on input line 198.
(pdftex.def)             Requested size: 362.10193pt x 190.46109pt.

<Figs/modified1.png, id=720, 700.11563pt x 389.95688pt>
File: Figs/modified1.png Graphic file (type png)

<use Figs/modified1.png>
Package pdftex.def Info: Figs/modified1.png used on input line 206.
(pdftex.def)             Requested size: 350.05696pt x 194.97795pt.
 (./mesh_example.tex [22 <./Figs/base1.png>] [23 <./Figs/modified1.png>] [24]) 
(./mesh_curv_example.tex [25] [26] [27]) [28]
<Figs/3dcube_2.png, id=760, 587.94656pt x 286.82156pt>
File: Figs/3dcube_2.png Graphic file (type png)
 <use Figs/3dcube_2.png>
Package pdftex.def Info: Figs/3dcube_2.png used on input line 237.
(pdftex.def)             Requested size: 293.97256pt x 143.41042pt.

[29 <./Figs/3dcube_2.png>] [30] Excluding 'comment' comment.)
(./physical_parameters.tex [31]) (./data_layout.tex [32]
Underfull \hbox (badness 10000) in paragraph at lines 24--25

 []


Underfull \hbox (badness 10000) in paragraph at lines 26--29

 []

[33]) [34]
Chapter 4.
(./genbox.tex
Underfull \hbox (badness 10000) in paragraph at lines 2--3

 []

Package epstopdf Info: Source file: <Figs/mesh_axi1.eps>
(epstopdf)                    date: 2016-08-25 09:14:23
(epstopdf)                    size: 10141 bytes
(epstopdf)             Output file: <Figs/mesh_axi1-eps-converted-to.pdf>
(epstopdf)                    date: 2016-08-25 09:14:23
(epstopdf)                    size: 3875 bytes
(epstopdf)             Command: <epstopdf --outfile=Figs/mesh_axi1-eps-converte
d-to.pdf Figs/mesh_axi1.eps>
(epstopdf)             \includegraphics on input line 31.
Package epstopdf Info: Output file is already uptodate.
<Figs/mesh_axi1-eps-converted-to.pdf, id=809, 393.47pt x 65.24374pt>
File: Figs/mesh_axi1-eps-converted-to.pdf Graphic file (type pdf)

<use Figs/mesh_axi1-eps-converted-to.pdf>
Package pdftex.def Info: Figs/mesh_axi1-eps-converted-to.pdf used on input line
 31.
(pdftex.def)             Requested size: 375.80544pt x 62.3147pt.
 [35

]
Package epstopdf Info: Source file: <Figs/mesh_axi2.eps>
(epstopdf)                    date: 2016-08-25 09:14:23
(epstopdf)                    size: 10099 bytes
(epstopdf)             Output file: <Figs/mesh_axi2-eps-converted-to.pdf>
(epstopdf)                    date: 2016-08-25 09:14:23
(epstopdf)                    size: 3867 bytes
(epstopdf)             Command: <epstopdf --outfile=Figs/mesh_axi2-eps-converte
d-to.pdf Figs/mesh_axi2.eps>
(epstopdf)             \includegraphics on input line 93.
Package epstopdf Info: Output file is already uptodate.

<Figs/mesh_axi2-eps-converted-to.pdf, id=815, 393.47pt x 65.24374pt>
File: Figs/mesh_axi2-eps-converted-to.pdf Graphic file (type pdf)

<use Figs/mesh_axi2-eps-converted-to.pdf>
Package pdftex.def Info: Figs/mesh_axi2-eps-converted-to.pdf used on input line
 93.
(pdftex.def)             Requested size: 375.80544pt x 62.3147pt.
 [36 <./Figs/mesh_axi1-eps-converted-to.pdf>]
Package epstopdf Info: Source file: <Figs/mesh_axi3.eps>
(epstopdf)                    date: 2016-08-25 09:14:23
(epstopdf)                    size: 10084 bytes
(epstopdf)             Output file: <Figs/mesh_axi3-eps-converted-to.pdf>
(epstopdf)                    date: 2016-08-25 09:14:23
(epstopdf)                    size: 3870 bytes
(epstopdf)             Command: <epstopdf --outfile=Figs/mesh_axi3-eps-converte
d-to.pdf Figs/mesh_axi3.eps>
(epstopdf)             \includegraphics on input line 126.
Package epstopdf Info: Output file is already uptodate.
 <Figs/mesh_axi3-eps-converted-to.pdf, id=825, 393.47pt x 65.24374pt>
File: Figs/mesh_axi3-eps-converted-to.pdf Graphic file (type pdf)

<use Figs/mesh_axi3-eps-converted-to.pdf>
Package pdftex.def Info: Figs/mesh_axi3-eps-converted-to.pdf used on input line
 126.
(pdftex.def)             Requested size: 281.85587pt x 46.73552pt.
 [37 <./Figs/mesh_axi2-eps-converted-to.pdf> <./Figs/mesh_axi3-eps-converted-to
.pdf>] [38]
Package epstopdf Info: Source file: <Figs/wavypipe.eps>
(epstopdf)                    date: 2016-08-25 09:14:23
(epstopdf)                    size: 11631 bytes
(epstopdf)             Output file: <Figs/wavypipe-eps-converted-to.pdf>
(epstopdf)                    date: 2016-08-25 09:14:23
(epstopdf)                    size: 4452 bytes
(epstopdf)             Command: <epstopdf --outfile=Figs/wavypipe-eps-converted
-to.pdf Figs/wavypipe.eps>
(epstopdf)             \includegraphics on input line 237.
Package epstopdf Info: Output file is already uptodate.

<Figs/wavypipe-eps-converted-to.pdf, id=845, 393.47pt x 65.24374pt>
File: Figs/wavypipe-eps-converted-to.pdf Graphic file (type pdf)

<use Figs/wavypipe-eps-converted-to.pdf>
Package pdftex.def Info: Figs/wavypipe-eps-converted-to.pdf used on input line 
237.
(pdftex.def)             Requested size: 375.80544pt x 62.3147pt.
Package epstopdf Info: Source file: <Figs/cylbox_2d.eps>
(epstopdf)                    date: 2016-08-25 09:14:23
(epstopdf)                    size: 93241 bytes
(epstopdf)             Output file: <Figs/cylbox_2d-eps-converted-to.pdf>
(epstopdf)                    date: 2016-08-25 09:14:23
(epstopdf)                    size: 13901 bytes
(epstopdf)             Command: <epstopdf --outfile=Figs/cylbox_2d-eps-converte
d-to.pdf Figs/cylbox_2d.eps>
(epstopdf)             \includegraphics on input line 245.
Package epstopdf Info: Output file is already uptodate.

<Figs/cylbox_2d-eps-converted-to.pdf, id=846, 388.45125pt x 388.45125pt>
File: Figs/cylbox_2d-eps-converted-to.pdf Graphic file (type pdf)

<use Figs/cylbox_2d-eps-converted-to.pdf>
Package pdftex.def Info: Figs/cylbox_2d-eps-converted-to.pdf used on input line
 245.
(pdftex.def)             Requested size: 140.92793pt x 140.92703pt.
Package epstopdf Info: Source file: <Figs/cylbox_2d.eps>
(epstopdf)                    date: 2016-08-25 09:14:23
(epstopdf)                    size: 93241 bytes
(epstopdf)             Output file: <Figs/cylbox_2d-eps-converted-to.pdf>
(epstopdf)                    date: 2016-08-25 09:14:23
(epstopdf)                    size: 13901 bytes
(epstopdf)             Command: <epstopdf --outfile=Figs/cylbox_2d-eps-converte
d-to.pdf Figs/cylbox_2d.eps>
(epstopdf)             \includegraphics on input line 247.
Package epstopdf Info: Output file is already uptodate.
File: Figs/cylbox_2d-eps-converted-to.pdf Graphic file (type pdf)

<use Figs/cylbox_2d-eps-converted-to.pdf>
Package pdftex.def Info: Figs/cylbox_2d-eps-converted-to.pdf used on input line
 247.
(pdftex.def)             Requested size: 140.92793pt x 140.92703pt.
 [39 <./Figs/wavypipe-eps-converted-to.pdf> <./Figs/cylbox_2d-eps-converted-to.
pdf>]) (./n2to3.tex [40])
(./geom_general.tex [41]) (./boundaryc.tex

LaTeX Warning: Reference `tab:primitiveBCf, tab:primitiveBCt' on page 42 undefi
ned on input line 22.


LaTeX Warning: Reference `tab:userBCf,tab:userBCt' on page 42 undefined on inpu
t line 23.

[42] [43] [44]) (./internal_bc.tex) (./intial_cond.tex [45]) (./genmap.tex
Overfull \hbox (7.37936pt too wide) detected at line 2
\OML/cmm/m/it/10.95 V[] \OT1/cmr/m/n/10.95 = (\OMS/cmsy/m/n/10.95 ^^@\OT1/cmr/m
/n/10.95 1\OML/cmm/m/it/10.95 ; \OT1/cmr/m/n/10.95 0)\OML/cmm/m/it/10.95 ;  V[]
 \OT1/cmr/m/n/10.95 = (0\OML/cmm/m/it/10.95 ; \OT1/cmr/m/n/10.95 1)\OML/cmm/m/i
t/10.95 ;  V[] \OT1/cmr/m/n/10.95 = (\OMS/cmsy/m/n/10.95 ^^@\OT1/cmr/m/n/10.95 
1\OML/cmm/m/it/10.95 ; \OT1/cmr/m/n/10.95 2)\OML/cmm/m/it/10.95 ;  V[] \OT1/cmr
/m/n/10.95 = (\OMS/cmsy/m/n/10.95 ^^@\OT1/cmr/m/n/10.95 1\OML/cmm/m/it/10.95 ; 
\OT1/cmr/m/n/10.95 1)\OML/cmm/m/it/10.95 ;  V[] \OT1/cmr/m/n/10.95 = (0\OML/cmm
/m/it/10.95 ; \OT1/cmr/m/n/10.95 2)\OML/cmm/m/it/10.95 ;  V[] \OT1/cmr/m/n/10.9
5 = (0\OML/cmm/m/it/10.95 ; \OT1/cmr/m/n/10.95 0)\OML/cmm/m/it/10.95 ;  V[] \OT
1/cmr/m/n/10.95 = (1\OML/cmm/m/it/10.95 ; \OT1/cmr/m/n/10.95 1)\OML/cmm/m/it/10
.95 ;  V[] \OT1/cmr/m/n/10.95 = (1\OML/cmm/m/it/10.95 ; \OT1/cmr/m/n/10.95 0)
 []

Package epstopdf Info: Source file: <Figs/genmap_sketch.eps>
(epstopdf)                    date: 2016-08-25 09:14:23
(epstopdf)                    size: 29681 bytes
(epstopdf)             Output file: <Figs/genmap_sketch-eps-converted-to.pdf>
(epstopdf)                    date: 2016-08-25 09:14:23
(epstopdf)                    size: 4559 bytes
(epstopdf)             Command: <epstopdf --outfile=Figs/genmap_sketch-eps-conv
erted-to.pdf Figs/genmap_sketch.eps>
(epstopdf)             \includegraphics on input line 21.
Package epstopdf Info: Output file is already uptodate.
<Figs/genmap_sketch-eps-converted-to.pdf, id=911, 115.43124pt x 121.45375pt>
File: Figs/genmap_sketch-eps-converted-to.pdf Graphic file (type pdf)

<use Figs/genmap_sketch-eps-converted-to.pdf>
Package pdftex.def Info: Figs/genmap_sketch-eps-converted-to.pdf used on input 
line 21.
(pdftex.def)             Requested size: 115.43095pt x 121.45343pt.
 [46] [47 <./Figs/genmap_sketch-eps-converted-to.pdf>] [48]) [49]
Chapter 5.
(./large_scale.tex [50

] [51]
Underfull \hbox (badness 1796) in paragraph at lines 100--100
[]|\T1/cmr/m/n/10.95 list of pre-processor sym-bols 
 []


Overfull \hbox (8.22992pt too wide) in paragraph at lines 73--103
 []\T1/cmr/bx/n/10.95 MAKENEK \T1/cmr/m/n/10.95 The shell script mak-enek is de
-signed to as-sist the com-pi-la-tion pro-cess of NEK5000.
 []

[52]) (./parallelism.tex
<Figs/serial_parallel.png, id=957, 498.86375pt x 266.9975pt>
File: Figs/serial_parallel.png Graphic file (type png)

<use Figs/serial_parallel.png>
Package pdftex.def Info: Figs/serial_parallel.png used on input line 27.
(pdftex.def)             Requested size: 249.43126pt x 133.49841pt.
 [53]) [54 <./Figs/serial_parallel.png (PNG copy)>]
Chapter 6.
(./help.tex [55

]
Overfull \hbox (4.91934pt too wide) in paragraph at lines 57--58
[]\T1/cmr/m/n/10.95 Runs the bat-tery of tim-ing tests for matrix-matrix produc
ts,contention-free processor-to-processor
 []

[56] [57] [58] [59] [60]) Excluding 'comment' comment. [61]
Chapter 7.
(./rea_explicit.tex
Underfull \hbox (badness 10000) in paragraph at lines 16--17

 []

[62

] [63]
Underfull \hbox (badness 10000) in paragraph at lines 85--86

 []

[64] [65] [66] [67] [68] Excluding 'comment' comment.) (./size_explicit.tex
Underfull \hbox (badness 10000) in paragraph at lines 11--12

 []


Underfull \hbox (badness 10000) in paragraph at lines 16--17

 []

[69] [70] Excluding 'comment' comment.) (./fld_format.tex [71])
(./Nek_users.bbl [72])
Package atveryend Info: Empty hook `BeforeClearDocument' on input line 163.
 [73

]
Package atveryend Info: Empty hook `AfterLastShipout' on input line 163.
 (build/Nek_users.aux)
Package atveryend Info: Executing hook `AtVeryEndDocument' on input line 163.
Package atveryend Info: Executing hook `AtEndAfterFileList' on input line 163.
Package rerunfilecheck Info: File `Nek_users.out' has not changed.
(rerunfilecheck)             Checksum: 16BEF6D28AF491D3D900090F534A5442;4981.


LaTeX Warning: There were undefined references.

Package atveryend Info: Empty hook `AtVeryVeryEnd' on input line 163.
 ) 
Here is how much of TeX's memory you used:
 12204 strings out of 494953
 174681 string characters out of 6180977
 287342 words of memory out of 5000000
 14805 multiletter control sequences out of 15000+600000
 31396 words of font info for 78 fonts, out of 8000000 for 9000
 14 hyphenation exceptions out of 8191
 46i,13n,49p,680b,1673s stack positions out of 5000i,500n,10000p,200000b,80000s
 </home/rahaman/.texmf-var/fonts/pk/ljfour/jknappen/ec/ectt0900.600pk> </home
/rahaman/.texmf-var/fonts/pk/ljfour/jknappen/ec/eccc1095.600pk> </home/rahaman/
.texmf-var/fonts/pk/ljfour/jknappen/ec/ectt0800.600pk> </home/rahaman/.texmf-va
r/fonts/pk/ljfour/jknappen/ec/ecti0900.600pk> </home/rahaman/.texmf-var/fonts/p
k/ljfour/jknappen/ec/ecrm0600.600pk> </home/rahaman/.texmf-var/fonts/pk/ljfour/
jknappen/ec/ecrm0800.600pk> </home/rahaman/.texmf-var/fonts/pk/ljfour/jknappen/
ec/ecti1095.600pk> </home/rahaman/.texmf-var/fonts/pk/ljfour/jknappen/ec/tcrm10
95.600pk> </home/rahaman/.texmf-var/fonts/pk/ljfour/jknappen/ec/ectt1095.600pk>
 </home/rahaman/.texmf-var/fonts/pk/ljfour/jknappen/ec/ecbx2074.600pk> </home/r
ahaman/.texmf-var/fonts/pk/ljfour/jknappen/ec/ecbx1440.600pk> </home/rahaman/.t
exmf-var/fonts/pk/ljfour/jknappen/ec/ecbx1095.600pk> </home/rahaman/.texmf-var/
fonts/pk/ljfour/jknappen/ec/ecrm1095.600pk> </home/rahaman/.texmf-var/fonts/pk/
ljfour/jknappen/ec/ecbx2488.600pk> </home/rahaman/.texmf-var/fonts/pk/ljfour/jk
nappen/ec/ecrm1200.600pk> </home/rahaman/.texmf-var/fonts/pk/ljfour/jknappen/ec
/ecrm0900.600pk> </home/rahaman/.texmf-var/fonts/pk/ljfour/jknappen/ec/ecbx0900
.600pk> </home/rahaman/.texmf-var/fonts/pk/ljfour/jknappen/ec/ecrm1000.600pk> <
/home/rahaman/.texmf-var/fonts/pk/ljfour/jknappen/ec/ecbx1000.600pk> </home/rah
aman/.texmf-var/fonts/pk/ljfour/jknappen/ec/ecbx1728.600pk> </home/rahaman/.tex
mf-var/fonts/pk/ljfour/jknappen/ec/ecbx1200.600pk></usr/share/texlive/texmf-dis
t/fonts/type1/public/amsfonts/cm/cmbx10.pfb></usr/share/texlive/texmf-dist/font
s/type1/public/amsfonts/cm/cmbx12.pfb></usr/share/texlive/texmf-dist/fonts/type
1/public/amsfonts/cm/cmbx8.pfb></usr/share/texlive/texmf-dist/fonts/type1/publi
c/amsfonts/cm/cmex10.pfb></usr/share/texlive/texmf-dist/fonts/type1/public/amsf
onts/cm/cmmi10.pfb></usr/share/texlive/texmf-dist/fonts/type1/public/amsfonts/c
m/cmmi12.pfb></usr/share/texlive/texmf-dist/fonts/type1/public/amsfonts/cm/cmmi
6.pfb></usr/share/texlive/texmf-dist/fonts/type1/public/amsfonts/cm/cmmi8.pfb><
/usr/share/texlive/texmf-dist/fonts/type1/public/amsfonts/cm/cmmi9.pfb></usr/sh
are/texlive/texmf-dist/fonts/type1/public/amsfonts/cm/cmmib10.pfb></usr/share/t
exlive/texmf-dist/fonts/type1/public/amsfonts/cm/cmr10.pfb></usr/share/texlive/
texmf-dist/fonts/type1/public/amsfonts/cm/cmr12.pfb></usr/share/texlive/texmf-d
ist/fonts/type1/public/amsfonts/cm/cmr6.pfb></usr/share/texlive/texmf-dist/font
s/type1/public/amsfonts/cm/cmr8.pfb></usr/share/texlive/texmf-dist/fonts/type1/
public/amsfonts/cm/cmr9.pfb></usr/share/texlive/texmf-dist/fonts/type1/public/a
msfonts/cm/cmsy10.pfb></usr/share/texlive/texmf-dist/fonts/type1/public/amsfont
s/cm/cmsy6.pfb></usr/share/texlive/texmf-dist/fonts/type1/public/amsfonts/cm/cm
sy8.pfb></usr/share/texlive/texmf-dist/fonts/type1/public/amsfonts/cm/cmsy9.pfb
>
Output written on build/Nek_users.pdf (79 pages, 720849 bytes).
PDF statistics:
 2078 PDF objects out of 2487 (max. 8388607)
 1130 compressed objects within 12 object streams
 359 named destinations out of 1000 (max. 500000)
 631 words of extra memory for PDF output out of 10000 (max. 10000000)

